0 info it worked if it ends with ok
1 verbose cli [ 'C:\\Program Files\\nodejs\\node.exe',
1 verbose cli   'C:\\Program Files\\nodejs\\node_modules\\npm\\bin\\npm-cli.js',
1 verbose cli   'start' ]
2 info using npm@3.10.3
3 info using node@v6.3.0
4 verbose run-script [ 'prestart', 'start', 'poststart' ]
5 info lifecycle Aspnetcorespa@0.0.0~prestart: Aspnetcorespa@0.0.0
6 silly lifecycle Aspnetcorespa@0.0.0~prestart: no script for prestart, continuing
7 info lifecycle Aspnetcorespa@0.0.0~start: Aspnetcorespa@0.0.0
8 verbose lifecycle Aspnetcorespa@0.0.0~start: unsafe-perm in lifecycle true
9 verbose lifecycle Aspnetcorespa@0.0.0~start: PATH: C:\Program Files\nodejs\node_modules\npm\bin\node-gyp-bin;D:\DEV\Mars3\src\Mars3\node_modules\.bin;C:\Program Files\nodejs;C:\Program Files (x86)\Microsoft Visual Studio 14.0\Common7\IDE\CommonExtensions\Microsoft\TestWindow;C:\Program Files (x86)\MSBuild\14.0\bin;C:\Program Files (x86)\MSBuild\14.0\bin;C:\Program Files (x86)\Microsoft Visual Studio 14.0\Common7\IDE\;C:\Program Files (x86)\Microsoft Visual Studio 14.0\VC\BIN;C:\Program Files (x86)\Microsoft Visual Studio 14.0\Common7\Tools;C:\Windows\Microsoft.NET\Framework\v4.0.30319;C:\Program Files (x86)\Microsoft Visual Studio 14.0\VC\VCPackages;C:\Program Files (x86)\HTML Help Workshop;C:\Program Files (x86)\HTML Help Workshop;C:\Program Files (x86)\Microsoft Visual Studio 14.0\Team Tools\Performance Tools;C:\Program Files (x86)\Windows Kits\8.1\bin\x86;C:\Program Files (x86)\Microsoft SDKs\Windows\v10.0A\bin\NETFX 4.6.1 Tools\;.\node_modules\.bin;C:\Windows\system32;C:\Windows;C:\Windows\System32\Wbem;C:\Windows\System32\WindowsPowerShell\v1.0\;C:\Program Files\Intel\WiFi\bin\;C:\Program Files\Common Files\Intel\WirelessCommon\;C:\Program Files\Microsoft SQL Server\Client SDK\ODBC\110\Tools\Binn\;C:\Program Files (x86)\Microsoft SQL Server\120\Tools\Binn\;C:\Program Files\Microsoft SQL Server\120\Tools\Binn\;C:\Program Files\Microsoft SQL Server\120\DTS\Binn\;C:\Program Files (x86)\Microsoft SQL Server\120\Tools\Binn\ManagementStudio\;C:\Program Files (x86)\Microsoft SQL Server\120\DTS\Binn\;C:\Program Files (x86)\Windows Kits\8.1\Windows Performance Toolkit\;C:\Program Files\Microsoft SQL Server\110\Tools\Binn\;C:\Program Files (x86)\Skype\Phone\;C:\Program Files\Microsoft SQL Server\130\Tools\Binn\;C:\Program Files\nodejs\;C:\Program Files\Microsoft DNX\Dnvm\;C:\Users\ronit.CYBAGE\AppData\Local\Programs\Git\cmd;C:\Program Files\dotnet\;C:\Users\ronit.CYBAGE\.dnx\runtimes\dnx-clr-win-x86.1.0.0-rc1-update2\bin;C:\Users\ronit.CYBAGE\.dnx\bin;C:\Program Files (x86)\Microsoft VS Code\bin;C:\Users\ronit.CYBAGE\AppData\Local\Programs\Git\cmd;C:\Users\ronit.CYBAGE\AppData\Roaming\npm;C:\Program Files\Docker Toolbox;C:\Program Files (x86)\Microsoft Visual Studio 14.0\Web\External
10 verbose lifecycle Aspnetcorespa@0.0.0~start: CWD: D:\DEV\Mars3\src\Mars3
11 silly lifecycle Aspnetcorespa@0.0.0~start: Args: [ '/d /s /c', 'tsc' ]
12 silly lifecycle Aspnetcorespa@0.0.0~start: Returned: code: 2  signal: null
13 info lifecycle Aspnetcorespa@0.0.0~start: Failed to exec start script
14 verbose stack Error: Aspnetcorespa@0.0.0 start: `tsc`
14 verbose stack Exit status 2
14 verbose stack     at EventEmitter.<anonymous> (C:\Program Files\nodejs\node_modules\npm\lib\utils\lifecycle.js:242:16)
14 verbose stack     at emitTwo (events.js:106:13)
14 verbose stack     at EventEmitter.emit (events.js:191:7)
14 verbose stack     at ChildProcess.<anonymous> (C:\Program Files\nodejs\node_modules\npm\lib\utils\spawn.js:40:14)
14 verbose stack     at emitTwo (events.js:106:13)
14 verbose stack     at ChildProcess.emit (events.js:191:7)
14 verbose stack     at maybeClose (internal/child_process.js:852:16)
14 verbose stack     at Process.ChildProcess._handle.onexit (internal/child_process.js:215:5)
15 verbose pkgid Aspnetcorespa@0.0.0
16 verbose cwd D:\DEV\Mars3\src\Mars3
17 error Windows_NT 6.1.7601
18 error argv "C:\\Program Files\\nodejs\\node.exe" "C:\\Program Files\\nodejs\\node_modules\\npm\\bin\\npm-cli.js" "start"
19 error node v6.3.0
20 error npm  v3.10.3
21 error code ELIFECYCLE
22 error Aspnetcorespa@0.0.0 start: `tsc`
22 error Exit status 2
23 error Failed at the Aspnetcorespa@0.0.0 start script 'tsc'.
23 error Make sure you have the latest version of node.js and npm installed.
23 error If you do, this is most likely a problem with the Aspnetcorespa package,
23 error not with npm itself.
23 error Tell the author that this fails on your system:
23 error     tsc
23 error You can get information on how to open an issue for this project with:
23 error     npm bugs Aspnetcorespa
23 error Or if that isn't available, you can get their info via:
23 error     npm owner ls Aspnetcorespa
23 error There is likely additional logging output above.
24 verbose exit [ 1, true ]
